1598791954992	geckodriver	INFO	Listening on 127.0.0.1:59025
1598791958007	mozrunner::runner	INFO	Running command: "C:\\Program Files (x86)\\Mozilla Firefox\\firefox.exe" "--marionette" "-foreground" "-no-remote" "-profile" "C:\\Users\\renih\\AppData\\Local\\Temp\\rust_mozprofilek3Lx4D"
1598792120925	geckodriver	INFO	Listening on 127.0.0.1:59114
1598792123948	mozrunner::runner	INFO	Running command: "C:\\Program Files (x86)\\Mozilla Firefox\\firefox.exe" "--marionette" "-foreground" "-no-remote" "-profile" "C:\\Users\\renih\\AppData\\Local\\Temp\\rust_mozprofilea5b8Ss"
JavaScript error: resource://gre/modules/XULStore.jsm, line 66: Error: Can't find profile directory.
console.error: SearchCache: "_readCacheFile: Error reading cache file:" (new Error("", "(unknown module)"))
1598792127844	Marionette	INFO	Listening on port 59122
1598792128081	Marionette	WARN	TLS certificate errors will be ignored for this session
JavaScript error: http://maxcdn.bootstrapcdn.com/bootstrap/3.2.0/js/bootstrap.min.js, line 6: Error: Bootstrap's JavaScript requires jQuery
1598792129951	Marionette	INFO	Stopped listening on port 59122

###!!! [Child][RunMessage] Error: Channel closing: too late to send/recv, messages will be lost


###!!! [Child][RunMessage] Error: Channel closing: too late to send/recv, messages will be lost


###!!! [Child][MessageChannel::SendAndWait] Error: Channel error: cannot send/recv

1598792352826	geckodriver	INFO	Listening on 127.0.0.1:59221
1598792355830	mozrunner::runner	INFO	Running command: "C:\\Program Files (x86)\\Mozilla Firefox\\firefox.exe" "--marionette" "-foreground" "-no-remote" "-profile" "C:\\Users\\renih\\AppData\\Local\\Temp\\rust_mozprofileYBYkLY"
console.error: SearchCache: "_readCacheFile: Error reading cache file:" (new Error("", "(unknown module)"))
JavaScript error: resource://gre/modules/XULStore.jsm, line 66: Error: Can't find profile directory.
1598792361553	Marionette	INFO	Listening on port 59232
1598792362141	Marionette	WARN	TLS certificate errors will be ignored for this session
JavaScript error: http://maxcdn.bootstrapcdn.com/bootstrap/3.2.0/js/bootstrap.min.js, line 6: Error: Bootstrap's JavaScript requires jQuery
1598792363658	Marionette	INFO	Stopped listening on port 59232

###!!! [Child][RunMessage] Error: Channel closing: too late to send/recv, messages will be lost


###!!! [Child][MessageChannel::SendAndWait] Error: Channel error: cannot send/recv

1598792371321	geckodriver	INFO	Listening on 127.0.0.1:59283
1598792374322	mozrunner::runner	INFO	Running command: "C:\\Program Files (x86)\\Mozilla Firefox\\firefox.exe" "--marionette" "-foreground" "-no-remote" "-profile" "C:\\Users\\renih\\AppData\\Local\\Temp\\rust_mozprofilekJhi61"
JavaScript error: resource://gre/modules/XULStore.jsm, line 66: Error: Can't find profile directory.
console.error: SearchCache: "_readCacheFile: Error reading cache file:" (new Error("", "(unknown module)"))
1598792377831	Marionette	INFO	Listening on port 59291
1598792377943	Marionette	WARN	TLS certificate errors will be ignored for this session
JavaScript error: http://maxcdn.bootstrapcdn.com/bootstrap/3.2.0/js/bootstrap.min.js, line 6: Error: Bootstrap's JavaScript requires jQuery
1598792379409	Marionette	INFO	Stopped listening on port 59291

###!!! [Child][RunMessage] Error: Channel closing: too late to send/recv, messages will be lost


###!!! [Child][MessageChannel::SendAndWait] Error: Channel error: cannot send/recv

1598792530481	geckodriver	INFO	Listening on 127.0.0.1:59354
1598792533486	mozrunner::runner	INFO	Running command: "C:\\Program Files (x86)\\Mozilla Firefox\\firefox.exe" "--marionette" "-foreground" "-no-remote" "-profile" "C:\\Users\\renih\\AppData\\Local\\Temp\\rust_mozprofile9pqMpQ"
JavaScript error: resource://gre/modules/XULStore.jsm, line 66: Error: Can't find profile directory.
console.error: SearchCache: "_readCacheFile: Error reading cache file:" (new Error("", "(unknown module)"))
1598792537348	Marionette	INFO	Listening on port 59362
1598792537609	Marionette	WARN	TLS certificate errors will be ignored for this session
JavaScript error: http://maxcdn.bootstrapcdn.com/bootstrap/3.2.0/js/bootstrap.min.js, line 6: Error: Bootstrap's JavaScript requires jQuery
1598792539104	Marionette	INFO	Stopped listening on port 59362

###!!! [Child][MessageChannel::SendAndWait] Error: Channel error: cannot send/recv

1598792663031	geckodriver	INFO	Listening on 127.0.0.1:59458
1598792666037	mozrunner::runner	INFO	Running command: "C:\\Program Files (x86)\\Mozilla Firefox\\firefox.exe" "--marionette" "-foreground" "-no-remote" "-profile" "C:\\Users\\renih\\AppData\\Local\\Temp\\rust_mozprofileNIZJpQ"
JavaScript error: resource://gre/modules/XULStore.jsm, line 66: Error: Can't find profile directory.
console.error: SearchCache: "_readCacheFile: Error reading cache file:" (new Error("", "(unknown module)"))
1598792671060	Marionette	INFO	Listening on port 59466
1598792671630	Marionette	WARN	TLS certificate errors will be ignored for this session
JavaScript error: http://maxcdn.bootstrapcdn.com/bootstrap/3.2.0/js/bootstrap.min.js, line 6: Error: Bootstrap's JavaScript requires jQuery
1598792673353	Marionette	INFO	Stopped listening on port 59466

###!!! [Child][MessageChannel::SendAndWait] Error: Channel error: cannot send/recv

1598792808088	geckodriver	INFO	Listening on 127.0.0.1:59618
1598792811107	mozrunner::runner	INFO	Running command: "C:\\Program Files (x86)\\Mozilla Firefox\\firefox.exe" "--marionette" "-foreground" "-no-remote" "-profile" "C:\\Users\\renih\\AppData\\Local\\Temp\\rust_mozprofilen91unW"
JavaScript error: resource://gre/modules/XULStore.jsm, line 66: Error: Can't find profile directory.
console.error: SearchCache: "_readCacheFile: Error reading cache file:" (new Error("", "(unknown module)"))
1598792814745	Marionette	INFO	Listening on port 59627
1598792815242	Marionette	WARN	TLS certificate errors will be ignored for this session
JavaScript error: http://maxcdn.bootstrapcdn.com/bootstrap/3.2.0/js/bootstrap.min.js, line 6: Error: Bootstrap's JavaScript requires jQuery
1598792816725	Marionette	INFO	Stopped listening on port 59627

###!!! [Child][RunMessage] Error: Channel closing: too late to send/recv, messages will be lost


###!!! [Child][MessageChannel::SendAndWait] Error: Channel error: cannot send/recv

1598793716079	geckodriver	INFO	Listening on 127.0.0.1:59872
1598793719090	mozrunner::runner	INFO	Running command: "C:\\Program Files (x86)\\Mozilla Firefox\\firefox.exe" "--marionette" "-foreground" "-no-remote" "-profile" "C:\\Users\\renih\\AppData\\Local\\Temp\\rust_mozprofileCEe0qn"
console.error: SearchCache: "_readCacheFile: Error reading cache file:" (new Error("", "(unknown module)"))
JavaScript error: resource://gre/modules/XULStore.jsm, line 66: Error: Can't find profile directory.
1598793725662	Marionette	INFO	Listening on port 59880
1598793725701	Marionette	WARN	TLS certificate errors will be ignored for this session
JavaScript error: http://maxcdn.bootstrapcdn.com/bootstrap/3.2.0/js/bootstrap.min.js, line 6: Error: Bootstrap's JavaScript requires jQuery
1598793727434	Marionette	INFO	Stopped listening on port 59880

###!!! [Child][RunMessage] Error: Channel closing: too late to send/recv, messages will be lost


###!!! [Child][MessageChannel::SendAndWait] Error: Channel error: cannot send/recv

1598793792514	geckodriver	INFO	Listening on 127.0.0.1:59927
1598793795516	mozrunner::runner	INFO	Running command: "C:\\Program Files (x86)\\Mozilla Firefox\\firefox.exe" "--marionette" "-foreground" "-no-remote" "-profile" "C:\\Users\\renih\\AppData\\Local\\Temp\\rust_mozprofileKq4pVH"
JavaScript error: resource://gre/modules/XULStore.jsm, line 66: Error: Can't find profile directory.
console.error: SearchCache: "_readCacheFile: Error reading cache file:" (new Error("", "(unknown module)"))
1598793798773	Marionette	INFO	Listening on port 59935
1598793799149	Marionette	WARN	TLS certificate errors will be ignored for this session
JavaScript error: http://maxcdn.bootstrapcdn.com/bootstrap/3.2.0/js/bootstrap.min.js, line 6: Error: Bootstrap's JavaScript requires jQuery
1598793800692	Marionette	INFO	Stopped listening on port 59935

###!!! [Child][RunMessage] Error: Channel closing: too late to send/recv, messages will be lost


###!!! [Child][MessageChannel::SendAndWait] Error: Channel error: cannot send/recv

1598793868245	geckodriver	INFO	Listening on 127.0.0.1:59997
1598793871254	mozrunner::runner	INFO	Running command: "C:\\Program Files (x86)\\Mozilla Firefox\\firefox.exe" "--marionette" "-foreground" "-no-remote" "-profile" "C:\\Users\\renih\\AppData\\Local\\Temp\\rust_mozprofileBL7IVj"
JavaScript error: resource://gre/modules/XULStore.jsm, line 66: Error: Can't find profile directory.
console.error: SearchCache: "_readCacheFile: Error reading cache file:" (new Error("", "(unknown module)"))
1598793874677	Marionette	INFO	Listening on port 60005
1598793874876	Marionette	WARN	TLS certificate errors will be ignored for this session
JavaScript error: http://maxcdn.bootstrapcdn.com/bootstrap/3.2.0/js/bootstrap.min.js, line 6: Error: Bootstrap's JavaScript requires jQuery
JavaScript error: http://maxcdn.bootstrapcdn.com/bootstrap/3.2.0/js/bootstrap.min.js, line 6: Error: Bootstrap's JavaScript requires jQuery
1598793876966	Marionette	INFO	Stopped listening on port 60005

###!!! [Child][MessageChannel::SendAndWait] Error: Channel error: cannot send/recv

1598794140699	geckodriver	INFO	Listening on 127.0.0.1:60103
1598794143689	mozrunner::runner	INFO	Running command: "C:\\Program Files (x86)\\Mozilla Firefox\\firefox.exe" "--marionette" "-foreground" "-no-remote" "-profile" "C:\\Users\\renih\\AppData\\Local\\Temp\\rust_mozprofile1a0e4V"
JavaScript error: resource://gre/modules/XULStore.jsm, line 66: Error: Can't find profile directory.
console.error: SearchCache: "_readCacheFile: Error reading cache file:" (new Error("", "(unknown module)"))
1598794147236	Marionette	INFO	Listening on port 60111
1598794147358	Marionette	WARN	TLS certificate errors will be ignored for this session
JavaScript error: http://maxcdn.bootstrapcdn.com/bootstrap/3.2.0/js/bootstrap.min.js, line 6: Error: Bootstrap's JavaScript requires jQuery
1598794149512	Marionette	INFO	Stopped listening on port 60111

###!!! [Child][MessageChannel::SendAndWait] Error: Channel error: cannot send/recv

1598794176559	geckodriver	INFO	Listening on 127.0.0.1:60158
1598794179567	mozrunner::runner	INFO	Running command: "C:\\Program Files (x86)\\Mozilla Firefox\\firefox.exe" "--marionette" "-foreground" "-no-remote" "-profile" "C:\\Users\\renih\\AppData\\Local\\Temp\\rust_mozprofile6pg5zD"
JavaScript error: resource://gre/modules/XULStore.jsm, line 66: Error: Can't find profile directory.
console.error: SearchCache: "_readCacheFile: Error reading cache file:" (new Error("", "(unknown module)"))
1598794183329	Marionette	INFO	Listening on port 60166
1598794183698	Marionette	WARN	TLS certificate errors will be ignored for this session
JavaScript error: http://maxcdn.bootstrapcdn.com/bootstrap/3.2.0/js/bootstrap.min.js, line 6: Error: Bootstrap's JavaScript requires jQuery
JavaScript error: http://maxcdn.bootstrapcdn.com/bootstrap/3.2.0/js/bootstrap.min.js, line 6: Error: Bootstrap's JavaScript requires jQuery
1598794186415	Marionette	INFO	Stopped listening on port 60166

###!!! [Child][RunMessage] Error: Channel closing: too late to send/recv, messages will be lost


###!!! [Child][MessageChannel::SendAndWait] Error: Channel error: cannot send/recv

1598794390481	geckodriver	INFO	Listening on 127.0.0.1:60253
1598794393490	mozrunner::runner	INFO	Running command: "C:\\Program Files (x86)\\Mozilla Firefox\\firefox.exe" "--marionette" "-foreground" "-no-remote" "-profile" "C:\\Users\\renih\\AppData\\Local\\Temp\\rust_mozprofile6rhvab"
JavaScript error: resource://gre/modules/XULStore.jsm, line 66: Error: Can't find profile directory.
console.error: SearchCache: "_readCacheFile: Error reading cache file:" (new Error("", "(unknown module)"))
1598794396699	Marionette	INFO	Listening on port 60261
1598794397106	Marionette	WARN	TLS certificate errors will be ignored for this session
JavaScript error: http://maxcdn.bootstrapcdn.com/bootstrap/3.2.0/js/bootstrap.min.js, line 6: Error: Bootstrap's JavaScript requires jQuery
JavaScript error: http://maxcdn.bootstrapcdn.com/bootstrap/3.2.0/js/bootstrap.min.js, line 6: Error: Bootstrap's JavaScript requires jQuery
1598794399750	Marionette	INFO	Stopped listening on port 60261

###!!! [Child][RunMessage] Error: Channel closing: too late to send/recv, messages will be lost


###!!! [Child][MessageChannel::SendAndWait] Error: Channel error: cannot send/recv

1598794443464	geckodriver	INFO	Listening on 127.0.0.1:60303
1598794446472	mozrunner::runner	INFO	Running command: "C:\\Program Files (x86)\\Mozilla Firefox\\firefox.exe" "--marionette" "-foreground" "-no-remote" "-profile" "C:\\Users\\renih\\AppData\\Local\\Temp\\rust_mozprofilegEOB33"
JavaScript error: resource://gre/modules/XULStore.jsm, line 66: Error: Can't find profile directory.
console.error: SearchCache: "_readCacheFile: Error reading cache file:" (new Error("", "(unknown module)"))
1598794450018	Marionette	INFO	Listening on port 60311
1598794450118	Marionette	WARN	TLS certificate errors will be ignored for this session
JavaScript error: http://maxcdn.bootstrapcdn.com/bootstrap/3.2.0/js/bootstrap.min.js, line 6: Error: Bootstrap's JavaScript requires jQuery
JavaScript error: http://maxcdn.bootstrapcdn.com/bootstrap/3.2.0/js/bootstrap.min.js, line 6: Error: Bootstrap's JavaScript requires jQuery
1598794452816	Marionette	INFO	Stopped listening on port 60311

###!!! [Child][RunMessage] Error: Channel closing: too late to send/recv, messages will be lost


###!!! [Child][MessageChannel::SendAndWait] Error: Channel error: cannot send/recv

1598794517183	geckodriver	INFO	Listening on 127.0.0.1:60359
1598794520192	mozrunner::runner	INFO	Running command: "C:\\Program Files (x86)\\Mozilla Firefox\\firefox.exe" "--marionette" "-foreground" "-no-remote" "-profile" "C:\\Users\\renih\\AppData\\Local\\Temp\\rust_mozprofile6Lrvsc"
JavaScript error: resource://gre/modules/XULStore.jsm, line 66: Error: Can't find profile directory.
console.error: SearchCache: "_readCacheFile: Error reading cache file:" (new Error("", "(unknown module)"))
1598794523576	Marionette	INFO	Listening on port 60367
1598794523813	Marionette	WARN	TLS certificate errors will be ignored for this session
JavaScript error: http://maxcdn.bootstrapcdn.com/bootstrap/3.2.0/js/bootstrap.min.js, line 6: Error: Bootstrap's JavaScript requires jQuery
JavaScript error: http://maxcdn.bootstrapcdn.com/bootstrap/3.2.0/js/bootstrap.min.js, line 6: Error: Bootstrap's JavaScript requires jQuery
1598794526396	Marionette	INFO	Stopped listening on port 60367

###!!! [Child][RunMessage] Error: Channel closing: too late to send/recv, messages will be lost


###!!! [Child][MessageChannel::SendAndWait] Error: Channel error: cannot send/recv

1598794557247	geckodriver	INFO	Listening on 127.0.0.1:60411
1598794560251	mozrunner::runner	INFO	Running command: "C:\\Program Files (x86)\\Mozilla Firefox\\firefox.exe" "--marionette" "-foreground" "-no-remote" "-profile" "C:\\Users\\renih\\AppData\\Local\\Temp\\rust_mozprofile5vyat7"
console.error: SearchCache: "_readCacheFile: Error reading cache file:" (new Error("", "(unknown module)"))
JavaScript error: resource://gre/modules/XULStore.jsm, line 66: Error: Can't find profile directory.
1598794565215	Marionette	INFO	Listening on port 60419
1598794565654	Marionette	WARN	TLS certificate errors will be ignored for this session
JavaScript error: http://maxcdn.bootstrapcdn.com/bootstrap/3.2.0/js/bootstrap.min.js, line 6: Error: Bootstrap's JavaScript requires jQuery
JavaScript error: http://maxcdn.bootstrapcdn.com/bootstrap/3.2.0/js/bootstrap.min.js, line 6: Error: Bootstrap's JavaScript requires jQuery
1598794568464	Marionette	INFO	Stopped listening on port 60419

###!!! [Child][MessageChannel::SendAndWait] Error: Channel error: cannot send/recv

1598795228212	geckodriver	INFO	Listening on 127.0.0.1:60539
1598795231222	mozrunner::runner	INFO	Running command: "C:\\Program Files (x86)\\Mozilla Firefox\\firefox.exe" "--marionette" "-foreground" "-no-remote" "-profile" "C:\\Users\\renih\\AppData\\Local\\Temp\\rust_mozprofiled6LGHA"
JavaScript error: resource://gre/modules/XULStore.jsm, line 66: Error: Can't find profile directory.
console.error: SearchCache: "_readCacheFile: Error reading cache file:" (new Error("", "(unknown module)"))
1598795236635	Marionette	INFO	Listening on port 60547
1598795237168	Marionette	WARN	TLS certificate errors will be ignored for this session
JavaScript error: http://maxcdn.bootstrapcdn.com/bootstrap/3.2.0/js/bootstrap.min.js, line 6: Error: Bootstrap's JavaScript requires jQuery
JavaScript error: http://maxcdn.bootstrapcdn.com/bootstrap/3.2.0/js/bootstrap.min.js, line 6: Error: Bootstrap's JavaScript requires jQuery
1598795240043	Marionette	INFO	Stopped listening on port 60547

###!!! [Child][MessageChannel::SendAndWait] Error: Channel error: cannot send/recv

1598795318287	geckodriver	INFO	Listening on 127.0.0.1:60611
1598795321291	mozrunner::runner	INFO	Running command: "C:\\Program Files (x86)\\Mozilla Firefox\\firefox.exe" "--marionette" "-foreground" "-no-remote" "-profile" "C:\\Users\\renih\\AppData\\Local\\Temp\\rust_mozprofileFJ1FWo"
JavaScript error: resource://gre/modules/XULStore.jsm, line 66: Error: Can't find profile directory.
console.error: SearchCache: "_readCacheFile: Error reading cache file:" (new Error("", "(unknown module)"))
1598795324727	Marionette	INFO	Listening on port 60619
1598795324920	Marionette	WARN	TLS certificate errors will be ignored for this session
JavaScript error: http://maxcdn.bootstrapcdn.com/bootstrap/3.2.0/js/bootstrap.min.js, line 6: Error: Bootstrap's JavaScript requires jQuery
JavaScript error: http://maxcdn.bootstrapcdn.com/bootstrap/3.2.0/js/bootstrap.min.js, line 6: Error: Bootstrap's JavaScript requires jQuery
1598795327566	Marionette	INFO	Stopped listening on port 60619

###!!! [Child][RunMessage] Error: Channel closing: too late to send/recv, messages will be lost


###!!! [Child][MessageChannel::SendAndWait] Error: Channel error: cannot send/recv

1598795657840	geckodriver	INFO	Listening on 127.0.0.1:60684
1598795660852	mozrunner::runner	INFO	Running command: "C:\\Program Files (x86)\\Mozilla Firefox\\firefox.exe" "--marionette" "-foreground" "-no-remote" "-profile" "C:\\Users\\renih\\AppData\\Local\\Temp\\rust_mozprofiletESj85"
console.error: SearchCache: "_readCacheFile: Error reading cache file:" (new Error("", "(unknown module)"))
JavaScript error: resource://gre/modules/XULStore.jsm, line 66: Error: Can't find profile directory.
1598795665249	Marionette	INFO	Listening on port 60692
1598795665682	Marionette	WARN	TLS certificate errors will be ignored for this session
JavaScript error: http://maxcdn.bootstrapcdn.com/bootstrap/3.2.0/js/bootstrap.min.js, line 6: Error: Bootstrap's JavaScript requires jQuery
JavaScript error: http://maxcdn.bootstrapcdn.com/bootstrap/3.2.0/js/bootstrap.min.js, line 6: Error: Bootstrap's JavaScript requires jQuery
1598795668287	Marionette	INFO	Stopped listening on port 60692

###!!! [Child][MessageChannel::SendAndWait] Error: Channel error: cannot send/recv

1598796494263	geckodriver	INFO	Listening on 127.0.0.1:60855
1598796497273	mozrunner::runner	INFO	Running command: "C:\\Program Files (x86)\\Mozilla Firefox\\firefox.exe" "--marionette" "-foreground" "-no-remote" "-profile" "C:\\Users\\renih\\AppData\\Local\\Temp\\rust_mozprofileoxFDvW"
JavaScript error: resource://gre/modules/XULStore.jsm, line 66: Error: Can't find profile directory.
console.error: SearchCache: "_readCacheFile: Error reading cache file:" (new Error("", "(unknown module)"))
1598796502602	Marionette	INFO	Listening on port 60863
1598796503010	Marionette	WARN	TLS certificate errors will be ignored for this session
JavaScript error: http://maxcdn.bootstrapcdn.com/bootstrap/3.2.0/js/bootstrap.min.js, line 6: Error: Bootstrap's JavaScript requires jQuery
1598796504638	Marionette	INFO	Stopped listening on port 60863

###!!! [Child][MessageChannel::SendAndWait] Error: Channel error: cannot send/recv

1598796711694	geckodriver	INFO	Listening on 127.0.0.1:60944
1598796714709	mozrunner::runner	INFO	Running command: "C:\\Program Files (x86)\\Mozilla Firefox\\firefox.exe" "--marionette" "-foreground" "-no-remote" "-profile" "C:\\Users\\renih\\AppData\\Local\\Temp\\rust_mozprofilefuRmT7"
JavaScript error: resource://gre/modules/XULStore.jsm, line 66: Error: Can't find profile directory.
console.error: SearchCache: "_readCacheFile: Error reading cache file:" (new Error("", "(unknown module)"))
1598796718370	Marionette	INFO	Listening on port 60953
1598796718837	Marionette	WARN	TLS certificate errors will be ignored for this session
JavaScript error: http://maxcdn.bootstrapcdn.com/bootstrap/3.2.0/js/bootstrap.min.js, line 6: Error: Bootstrap's JavaScript requires jQuery
1598796721480	Marionette	INFO	Stopped listening on port 60953

###!!! [Child][MessageChannel::SendAndWait] Error: Channel error: cannot send/recv

1598796792605	geckodriver	INFO	Listening on 127.0.0.1:61000
1598796795602	mozrunner::runner	INFO	Running command: "C:\\Program Files (x86)\\Mozilla Firefox\\firefox.exe" "--marionette" "-foreground" "-no-remote" "-profile" "C:\\Users\\renih\\AppData\\Local\\Temp\\rust_mozprofile2hBklM"
JavaScript error: resource://gre/modules/XULStore.jsm, line 66: Error: Can't find profile directory.
console.error: SearchCache: "_readCacheFile: Error reading cache file:" (new Error("", "(unknown module)"))
1598796798690	Marionette	INFO	Listening on port 61008
1598796798729	Marionette	WARN	TLS certificate errors will be ignored for this session
JavaScript error: http://maxcdn.bootstrapcdn.com/bootstrap/3.2.0/js/bootstrap.min.js, line 6: Error: Bootstrap's JavaScript requires jQuery
1598796800843	Marionette	INFO	Stopped listening on port 61008

###!!! [Child][RunMessage] Error: Channel closing: too late to send/recv, messages will be lost


###!!! [Child][MessageChannel::SendAndWait] Error: Channel error: cannot send/recv

1598796832459	geckodriver	INFO	Listening on 127.0.0.1:61052
1598796835465	mozrunner::runner	INFO	Running command: "C:\\Program Files (x86)\\Mozilla Firefox\\firefox.exe" "--marionette" "-foreground" "-no-remote" "-profile" "C:\\Users\\renih\\AppData\\Local\\Temp\\rust_mozprofiley2sfM0"
JavaScript error: resource://gre/modules/XULStore.jsm, line 66: Error: Can't find profile directory.
console.error: SearchCache: "_readCacheFile: Error reading cache file:" (new Error("", "(unknown module)"))
1598796838673	Marionette	INFO	Listening on port 61060
1598796839115	Marionette	WARN	TLS certificate errors will be ignored for this session
JavaScript error: http://maxcdn.bootstrapcdn.com/bootstrap/3.2.0/js/bootstrap.min.js, line 6: Error: Bootstrap's JavaScript requires jQuery
1598796840800	Marionette	INFO	Stopped listening on port 61060

###!!! [Child][RunMessage] Error: Channel closing: too late to send/recv, messages will be lost


###!!! [Child][MessageChannel::SendAndWait] Error: Channel error: cannot send/recv

1598796860918	geckodriver	INFO	Listening on 127.0.0.1:61104
1598796863925	mozrunner::runner	INFO	Running command: "C:\\Program Files (x86)\\Mozilla Firefox\\firefox.exe" "--marionette" "-foreground" "-no-remote" "-profile" "C:\\Users\\renih\\AppData\\Local\\Temp\\rust_mozprofileCPn6gl"
JavaScript error: resource://gre/modules/XULStore.jsm, line 66: Error: Can't find profile directory.
console.error: SearchCache: "_readCacheFile: Error reading cache file:" (new Error("", "(unknown module)"))
1598796867415	Marionette	INFO	Listening on port 61112
1598796867547	Marionette	WARN	TLS certificate errors will be ignored for this session
JavaScript error: http://maxcdn.bootstrapcdn.com/bootstrap/3.2.0/js/bootstrap.min.js, line 6: Error: Bootstrap's JavaScript requires jQuery
1598796869281	Marionette	INFO	Stopped listening on port 61112

###!!! [Child][RunMessage] Error: Channel closing: too late to send/recv, messages will be lost


###!!! [Child][RunMessage] Error: Channel closing: too late to send/recv, messages will be lost


###!!! [Child][MessageChannel::SendAndWait] Error: Channel error: cannot send/recv

1598797010110	geckodriver	INFO	Listening on 127.0.0.1:61166
1598797013121	mozrunner::runner	INFO	Running command: "C:\\Program Files (x86)\\Mozilla Firefox\\firefox.exe" "--marionette" "-foreground" "-no-remote" "-profile" "C:\\Users\\renih\\AppData\\Local\\Temp\\rust_mozprofileNmlegF"
console.error: SearchCache: "_readCacheFile: Error reading cache file:" (new Error("", "(unknown module)"))
JavaScript error: resource://gre/modules/XULStore.jsm, line 66: Error: Can't find profile directory.
1598797017976	Marionette	INFO	Listening on port 61174
1598797018094	Marionette	WARN	TLS certificate errors will be ignored for this session
JavaScript error: http://maxcdn.bootstrapcdn.com/bootstrap/3.2.0/js/bootstrap.min.js, line 6: Error: Bootstrap's JavaScript requires jQuery
JavaScript error: http://maxcdn.bootstrapcdn.com/bootstrap/3.2.0/js/bootstrap.min.js, line 6: Error: Bootstrap's JavaScript requires jQuery
JavaScript error: http://maxcdn.bootstrapcdn.com/bootstrap/3.2.0/js/bootstrap.min.js, line 6: Error: Bootstrap's JavaScript requires jQuery
1598797021392	Marionette	INFO	Stopped listening on port 61174

###!!! [Child][MessageChannel::SendAndWait] Error: Channel error: cannot send/recv

1598797044856	geckodriver	INFO	Listening on 127.0.0.1:61215
1598797047860	mozrunner::runner	INFO	Running command: "C:\\Program Files (x86)\\Mozilla Firefox\\firefox.exe" "--marionette" "-foreground" "-no-remote" "-profile" "C:\\Users\\renih\\AppData\\Local\\Temp\\rust_mozprofile5fIVTv"
JavaScript error: resource://gre/modules/XULStore.jsm, line 66: Error: Can't find profile directory.
console.error: SearchCache: "_readCacheFile: Error reading cache file:" (new Error("", "(unknown module)"))
1598797051451	Marionette	INFO	Listening on port 61223
1598797051485	Marionette	WARN	TLS certificate errors will be ignored for this session
JavaScript error: http://maxcdn.bootstrapcdn.com/bootstrap/3.2.0/js/bootstrap.min.js, line 6: Error: Bootstrap's JavaScript requires jQuery
JavaScript error: http://maxcdn.bootstrapcdn.com/bootstrap/3.2.0/js/bootstrap.min.js, line 6: Error: Bootstrap's JavaScript requires jQuery
JavaScript error: http://maxcdn.bootstrapcdn.com/bootstrap/3.2.0/js/bootstrap.min.js, line 6: Error: Bootstrap's JavaScript requires jQuery
1598797054820	Marionette	INFO	Stopped listening on port 61223

###!!! [Child][RunMessage] Error: Channel closing: too late to send/recv, messages will be lost


###!!! [Child][MessageChannel::SendAndWait] Error: Channel error: cannot send/recv

1598797134496	geckodriver	INFO	Listening on 127.0.0.1:61315
1598797137503	mozrunner::runner	INFO	Running command: "C:\\Program Files (x86)\\Mozilla Firefox\\firefox.exe" "--marionette" "-foreground" "-no-remote" "-profile" "C:\\Users\\renih\\AppData\\Local\\Temp\\rust_mozprofileopIRPx"
JavaScript error: resource://gre/modules/XULStore.jsm, line 66: Error: Can't find profile directory.
console.error: SearchCache: "_readCacheFile: Error reading cache file:" (new Error("", "(unknown module)"))
1598797141566	Marionette	INFO	Listening on port 61325
1598797141631	Marionette	WARN	TLS certificate errors will be ignored for this session
JavaScript error: http://maxcdn.bootstrapcdn.com/bootstrap/3.2.0/js/bootstrap.min.js, line 6: Error: Bootstrap's JavaScript requires jQuery
1598797144235	Marionette	INFO	Stopped listening on port 61325

###!!! [Child][RunMessage] Error: Channel closing: too late to send/recv, messages will be lost


###!!! [Child][MessageChannel::SendAndWait] Error: Channel error: cannot send/recv

1598797327505	geckodriver	INFO	Listening on 127.0.0.1:61452
1598797330528	mozrunner::runner	INFO	Running command: "C:\\Program Files (x86)\\Mozilla Firefox\\firefox.exe" "--marionette" "-foreground" "-no-remote" "-profile" "C:\\Users\\renih\\AppData\\Local\\Temp\\rust_mozprofileBkoOCS"
JavaScript error: resource://gre/modules/XULStore.jsm, line 66: Error: Can't find profile directory.
console.error: SearchCache: "_readCacheFile: Error reading cache file:" (new Error("", "(unknown module)"))
1598797334421	Marionette	INFO	Listening on port 61460
1598797334695	Marionette	WARN	TLS certificate errors will be ignored for this session
JavaScript error: http://maxcdn.bootstrapcdn.com/bootstrap/3.2.0/js/bootstrap.min.js, line 6: Error: Bootstrap's JavaScript requires jQuery
1598797337059	Marionette	INFO	Stopped listening on port 61460

###!!! [Child][MessageChannel::SendAndWait] Error: Channel error: cannot send/recv

1598797393012	geckodriver	INFO	Listening on 127.0.0.1:61511
1598797396018	mozrunner::runner	INFO	Running command: "C:\\Program Files (x86)\\Mozilla Firefox\\firefox.exe" "--marionette" "-foreground" "-no-remote" "-profile" "C:\\Users\\renih\\AppData\\Local\\Temp\\rust_mozprofilem70ovN"
JavaScript error: resource://gre/modules/XULStore.jsm, line 66: Error: Can't find profile directory.
console.error: SearchCache: "_readCacheFile: Error reading cache file:" (new Error("", "(unknown module)"))
1598797399301	Marionette	INFO	Listening on port 61519
1598797399643	Marionette	WARN	TLS certificate errors will be ignored for this session
JavaScript error: http://maxcdn.bootstrapcdn.com/bootstrap/3.2.0/js/bootstrap.min.js, line 6: Error: Bootstrap's JavaScript requires jQuery
1598797402257	Marionette	INFO	Stopped listening on port 61519

###!!! [Child][MessageChannel::SendAndWait] Error: Channel error: cannot send/recv

1598797558389	geckodriver	INFO	Listening on 127.0.0.1:61745
1598797561398	mozrunner::runner	INFO	Running command: "C:\\Program Files (x86)\\Mozilla Firefox\\firefox.exe" "--marionette" "-foreground" "-no-remote" "-profile" "C:\\Users\\renih\\AppData\\Local\\Temp\\rust_mozprofileNxgA1k"
JavaScript error: resource://gre/modules/XULStore.jsm, line 66: Error: Can't find profile directory.
console.error: SearchCache: "_readCacheFile: Error reading cache file:" (new Error("", "(unknown module)"))
1598797566376	Marionette	INFO	Listening on port 61754
1598797566741	Marionette	WARN	TLS certificate errors will be ignored for this session
JavaScript error: http://maxcdn.bootstrapcdn.com/bootstrap/3.2.0/js/bootstrap.min.js, line 6: Error: Bootstrap's JavaScript requires jQuery
1598797568784	Marionette	INFO	Stopped listening on port 61754

###!!! [Child][MessageChannel::SendAndWait] Error: Channel error: cannot send/recv

1598797577834	geckodriver	INFO	Listening on 127.0.0.1:61801
1598797580840	mozrunner::runner	INFO	Running command: "C:\\Program Files (x86)\\Mozilla Firefox\\firefox.exe" "--marionette" "-foreground" "-no-remote" "-profile" "C:\\Users\\renih\\AppData\\Local\\Temp\\rust_mozprofile3l9xQy"
JavaScript error: resource://gre/modules/XULStore.jsm, line 66: Error: Can't find profile directory.
console.error: SearchCache: "_readCacheFile: Error reading cache file:" (new Error("", "(unknown module)"))
1598797584450	Marionette	INFO	Listening on port 61809
1598797584472	Marionette	WARN	TLS certificate errors will be ignored for this session
JavaScript error: http://maxcdn.bootstrapcdn.com/bootstrap/3.2.0/js/bootstrap.min.js, line 6: Error: Bootstrap's JavaScript requires jQuery
1598797586381	Marionette	INFO	Stopped listening on port 61809

###!!! [Child][MessageChannel::SendAndWait] Error: Channel error: cannot send/recv

1598797602930	geckodriver	INFO	Listening on 127.0.0.1:61850
1598797605936	mozrunner::runner	INFO	Running command: "C:\\Program Files (x86)\\Mozilla Firefox\\firefox.exe" "--marionette" "-foreground" "-no-remote" "-profile" "C:\\Users\\renih\\AppData\\Local\\Temp\\rust_mozprofilezKwad5"
JavaScript error: resource://gre/modules/XULStore.jsm, line 66: Error: Can't find profile directory.
console.error: SearchCache: "_readCacheFile: Error reading cache file:" (new Error("", "(unknown module)"))
1598797609046	Marionette	INFO	Listening on port 61858
1598797609073	Marionette	WARN	TLS certificate errors will be ignored for this session
JavaScript error: http://maxcdn.bootstrapcdn.com/bootstrap/3.2.0/js/bootstrap.min.js, line 6: Error: Bootstrap's JavaScript requires jQuery
JavaScript error: http://maxcdn.bootstrapcdn.com/bootstrap/3.2.0/js/bootstrap.min.js, line 6: Error: Bootstrap's JavaScript requires jQuery
JavaScript error: http://maxcdn.bootstrapcdn.com/bootstrap/3.2.0/js/bootstrap.min.js, line 6: Error: Bootstrap's JavaScript requires jQuery
1598797612100	Marionette	INFO	Stopped listening on port 61858

###!!! [Child][RunMessage] Error: Channel closing: too late to send/recv, messages will be lost


###!!! [Child][MessageChannel::SendAndWait] Error: Channel error: cannot send/recv

1598797633768	geckodriver	INFO	Listening on 127.0.0.1:61900
1598797636778	mozrunner::runner	INFO	Running command: "C:\\Program Files (x86)\\Mozilla Firefox\\firefox.exe" "--marionette" "-foreground" "-no-remote" "-profile" "C:\\Users\\renih\\AppData\\Local\\Temp\\rust_mozprofileiorPcq"
JavaScript error: resource://gre/modules/XULStore.jsm, line 66: Error: Can't find profile directory.
console.error: SearchCache: "_readCacheFile: Error reading cache file:" (new Error("", "(unknown module)"))
1598797640218	Marionette	INFO	Listening on port 61908
1598797640413	Marionette	WARN	TLS certificate errors will be ignored for this session
JavaScript error: http://maxcdn.bootstrapcdn.com/bootstrap/3.2.0/js/bootstrap.min.js, line 6: Error: Bootstrap's JavaScript requires jQuery
JavaScript error: http://maxcdn.bootstrapcdn.com/bootstrap/3.2.0/js/bootstrap.min.js, line 6: Error: Bootstrap's JavaScript requires jQuery
JavaScript error: http://maxcdn.bootstrapcdn.com/bootstrap/3.2.0/js/bootstrap.min.js, line 6: Error: Bootstrap's JavaScript requires jQuery
1598797653580	Marionette	INFO	Stopped listening on port 61908

###!!! [Child][RunMessage] Error: Channel closing: too late to send/recv, messages will be lost


###!!! [Child][MessageChannel::SendAndWait] Error: Channel error: cannot send/recv

1598798311139	geckodriver	INFO	Listening on 127.0.0.1:62224
1598798314161	mozrunner::runner	INFO	Running command: "C:\\Program Files (x86)\\Mozilla Firefox\\firefox.exe" "--marionette" "-foreground" "-no-remote" "-profile" "C:\\Users\\renih\\AppData\\Local\\Temp\\rust_mozprofileWVbMyZ"
JavaScript error: resource://gre/modules/XULStore.jsm, line 66: Error: Can't find profile directory.
console.error: SearchCache: "_readCacheFile: Error reading cache file:" (new Error("", "(unknown module)"))
1598798319485	Marionette	INFO	Listening on port 62232
1598798319523	Marionette	WARN	TLS certificate errors will be ignored for this session
JavaScript error: http://maxcdn.bootstrapcdn.com/bootstrap/3.2.0/js/bootstrap.min.js, line 6: Error: Bootstrap's JavaScript requires jQuery
1598798321956	Marionette	INFO	Stopped listening on port 62232

###!!! [Child][RunMessage] Error: Channel closing: too late to send/recv, messages will be lost


###!!! [Child][MessageChannel::SendAndWait] Error: Channel error: cannot send/recv

1598798359619	geckodriver	INFO	Listening on 127.0.0.1:62299
1598798362625	mozrunner::runner	INFO	Running command: "C:\\Program Files (x86)\\Mozilla Firefox\\firefox.exe" "--marionette" "-foreground" "-no-remote" "-profile" "C:\\Users\\renih\\AppData\\Local\\Temp\\rust_mozprofileSLqJqa"
JavaScript error: resource://gre/modules/XULStore.jsm, line 66: Error: Can't find profile directory.
console.error: SearchCache: "_readCacheFile: Error reading cache file:" (new Error("", "(unknown module)"))
1598798366407	Marionette	INFO	Listening on port 62307
1598798366770	Marionette	WARN	TLS certificate errors will be ignored for this session
JavaScript error: http://maxcdn.bootstrapcdn.com/bootstrap/3.2.0/js/bootstrap.min.js, line 6: Error: Bootstrap's JavaScript requires jQuery
1598798368714	Marionette	INFO	Stopped listening on port 62307

###!!! [Child][MessageChannel::SendAndWait] Error: Channel error: cannot send/recv

1598798946353	geckodriver	INFO	Listening on 127.0.0.1:62402
1598798949360	mozrunner::runner	INFO	Running command: "C:\\Program Files (x86)\\Mozilla Firefox\\firefox.exe" "--marionette" "-foreground" "-no-remote" "-profile" "C:\\Users\\renih\\AppData\\Local\\Temp\\rust_mozprofilewsIpQe"
JavaScript error: resource://gre/modules/XULStore.jsm, line 66: Error: Can't find profile directory.
console.error: SearchCache: "_readCacheFile: Error reading cache file:" (new Error("", "(unknown module)"))
1598798953878	Marionette	INFO	Listening on port 62411
1598798954095	Marionette	WARN	TLS certificate errors will be ignored for this session
JavaScript error: http://maxcdn.bootstrapcdn.com/bootstrap/3.2.0/js/bootstrap.min.js, line 6: Error: Bootstrap's JavaScript requires jQuery
JavaScript error: http://maxcdn.bootstrapcdn.com/bootstrap/3.2.0/js/bootstrap.min.js, line 6: Error: Bootstrap's JavaScript requires jQuery
JavaScript error: http://maxcdn.bootstrapcdn.com/bootstrap/3.2.0/js/bootstrap.min.js, line 6: Error: Bootstrap's JavaScript requires jQuery
JavaScript error: http://maxcdn.bootstrapcdn.com/bootstrap/3.2.0/js/bootstrap.min.js, line 6: Error: Bootstrap's JavaScript requires jQuery
1598798958192	Marionette	INFO	Stopped listening on port 62411

###!!! [Child][RunMessage] Error: Channel closing: too late to send/recv, messages will be lost


###!!! [Child][MessageChannel::SendAndWait] Error: Channel error: cannot send/recv

1598799083352	geckodriver	INFO	Listening on 127.0.0.1:62480
1598799086358	mozrunner::runner	INFO	Running command: "C:\\Program Files (x86)\\Mozilla Firefox\\firefox.exe" "--marionette" "-foreground" "-no-remote" "-profile" "C:\\Users\\renih\\AppData\\Local\\Temp\\rust_mozprofilewqsGoD"
JavaScript error: resource://gre/modules/XULStore.jsm, line 66: Error: Can't find profile directory.
console.error: SearchCache: "_readCacheFile: Error reading cache file:" (new Error("", "(unknown module)"))
1598799090258	Marionette	INFO	Listening on port 62488
1598799090496	Marionette	WARN	TLS certificate errors will be ignored for this session
JavaScript error: http://maxcdn.bootstrapcdn.com/bootstrap/3.2.0/js/bootstrap.min.js, line 6: Error: Bootstrap's JavaScript requires jQuery
1598799092621	Marionette	INFO	Stopped listening on port 62488

###!!! [Child][RunMessage] Error: Channel closing: too late to send/recv, messages will be lost


###!!! [Child][RunMessage] Error: Channel closing: too late to send/recv, messages will be lost


###!!! [Child][RunMessage] Error: Channel closing: too late to send/recv, messages will be lost


###!!! [Child][MessageChannel::SendAndWait] Error: Channel error: cannot send/recv

1598799093909	geckodriver	INFO	Listening on 127.0.0.1:62530
1598799096898	mozrunner::runner	INFO	Running command: "C:\\Program Files (x86)\\Mozilla Firefox\\firefox.exe" "--marionette" "-foreground" "-no-remote" "-profile" "C:\\Users\\renih\\AppData\\Local\\Temp\\rust_mozprofileFGxhIp"
JavaScript error: resource://gre/modules/XULStore.jsm, line 66: Error: Can't find profile directory.
console.error: SearchCache: "_readCacheFile: Error reading cache file:" (new Error("", "(unknown module)"))
1598799100982	Marionette	INFO	Listening on port 62538
1598799101022	Marionette	WARN	TLS certificate errors will be ignored for this session
JavaScript error: http://maxcdn.bootstrapcdn.com/bootstrap/3.2.0/js/bootstrap.min.js, line 6: Error: Bootstrap's JavaScript requires jQuery
JavaScript error: http://maxcdn.bootstrapcdn.com/bootstrap/3.2.0/js/bootstrap.min.js, line 6: Error: Bootstrap's JavaScript requires jQuery
JavaScript error: http://maxcdn.bootstrapcdn.com/bootstrap/3.2.0/js/bootstrap.min.js, line 6: Error: Bootstrap's JavaScript requires jQuery
JavaScript error: http://maxcdn.bootstrapcdn.com/bootstrap/3.2.0/js/bootstrap.min.js, line 6: Error: Bootstrap's JavaScript requires jQuery
1598799105416	Marionette	INFO	Stopped listening on port 62538

###!!! [Child][MessageChannel::SendAndWait] Error: Channel error: cannot send/recv

1598799148443	geckodriver	INFO	Listening on 127.0.0.1:62581
1598799151456	mozrunner::runner	INFO	Running command: "C:\\Program Files (x86)\\Mozilla Firefox\\firefox.exe" "--marionette" "-foreground" "-no-remote" "-profile" "C:\\Users\\renih\\AppData\\Local\\Temp\\rust_mozprofile4Phngd"
JavaScript error: resource://gre/modules/XULStore.jsm, line 66: Error: Can't find profile directory.
console.error: SearchCache: "_readCacheFile: Error reading cache file:" (new Error("", "(unknown module)"))
1598799154881	Marionette	INFO	Listening on port 62589
1598799155081	Marionette	WARN	TLS certificate errors will be ignored for this session
JavaScript error: http://maxcdn.bootstrapcdn.com/bootstrap/3.2.0/js/bootstrap.min.js, line 6: Error: Bootstrap's JavaScript requires jQuery
1598799156972	Marionette	INFO	Stopped listening on port 62589

###!!! [Child][RunMessage] Error: Channel closing: too late to send/recv, messages will be lost


###!!! [Child][MessageChannel::SendAndWait] Error: Channel error: cannot send/recv

1598799158016	geckodriver	INFO	Listening on 127.0.0.1:62632
1598799161004	mozrunner::runner	INFO	Running command: "C:\\Program Files (x86)\\Mozilla Firefox\\firefox.exe" "--marionette" "-foreground" "-no-remote" "-profile" "C:\\Users\\renih\\AppData\\Local\\Temp\\rust_mozprofilekqD07F"
JavaScript error: resource://gre/modules/XULStore.jsm, line 66: Error: Can't find profile directory.
console.error: SearchCache: "_readCacheFile: Error reading cache file:" (new Error("", "(unknown module)"))
1598799164266	Marionette	INFO	Listening on port 62640
1598799164632	Marionette	WARN	TLS certificate errors will be ignored for this session
JavaScript error: http://maxcdn.bootstrapcdn.com/bootstrap/3.2.0/js/bootstrap.min.js, line 6: Error: Bootstrap's JavaScript requires jQuery
JavaScript error: http://maxcdn.bootstrapcdn.com/bootstrap/3.2.0/js/bootstrap.min.js, line 6: Error: Bootstrap's JavaScript requires jQuery
JavaScript error: http://maxcdn.bootstrapcdn.com/bootstrap/3.2.0/js/bootstrap.min.js, line 6: Error: Bootstrap's JavaScript requires jQuery
JavaScript error: http://maxcdn.bootstrapcdn.com/bootstrap/3.2.0/js/bootstrap.min.js, line 6: Error: Bootstrap's JavaScript requires jQuery
1598799168569	Marionette	INFO	Stopped listening on port 62640

###!!! [Child][RunMessage] Error: Channel closing: too late to send/recv, messages will be lost


###!!! [Child][MessageChannel::SendAndWait] Error: Channel error: cannot send/recv

1598799418800	geckodriver	INFO	Listening on 127.0.0.1:62757
1598799421808	mozrunner::runner	INFO	Running command: "C:\\Program Files (x86)\\Mozilla Firefox\\firefox.exe" "--marionette" "-foreground" "-no-remote" "-profile" "C:\\Users\\renih\\AppData\\Local\\Temp\\rust_mozprofileTAx8tK"
JavaScript error: resource://gre/modules/XULStore.jsm, line 66: Error: Can't find profile directory.
console.error: SearchCache: "_readCacheFile: Error reading cache file:" (new Error("", "(unknown module)"))
1598799425552	Marionette	INFO	Listening on port 62765
1598799425933	Marionette	WARN	TLS certificate errors will be ignored for this session
JavaScript error: http://maxcdn.bootstrapcdn.com/bootstrap/3.2.0/js/bootstrap.min.js, line 6: Error: Bootstrap's JavaScript requires jQuery
1598799427833	Marionette	INFO	Stopped listening on port 62765

###!!! [Child][RunMessage] Error: Channel closing: too late to send/recv, messages will be lost


###!!! [Child][MessageChannel::SendAndWait] Error: Channel error: cannot send/recv

1598799429044	geckodriver	INFO	Listening on 127.0.0.1:62807
1598799432036	mozrunner::runner	INFO	Running command: "C:\\Program Files (x86)\\Mozilla Firefox\\firefox.exe" "--marionette" "-foreground" "-no-remote" "-profile" "C:\\Users\\renih\\AppData\\Local\\Temp\\rust_mozprofileCjudYG"
JavaScript error: resource://gre/modules/XULStore.jsm, line 66: Error: Can't find profile directory.
console.error: SearchCache: "_readCacheFile: Error reading cache file:" (new Error("", "(unknown module)"))
1598799436177	Marionette	INFO	Listening on port 62815
1598799436263	Marionette	WARN	TLS certificate errors will be ignored for this session
JavaScript error: http://maxcdn.bootstrapcdn.com/bootstrap/3.2.0/js/bootstrap.min.js, line 6: Error: Bootstrap's JavaScript requires jQuery
JavaScript error: http://maxcdn.bootstrapcdn.com/bootstrap/3.2.0/js/bootstrap.min.js, line 6: Error: Bootstrap's JavaScript requires jQuery
JavaScript error: http://maxcdn.bootstrapcdn.com/bootstrap/3.2.0/js/bootstrap.min.js, line 6: Error: Bootstrap's JavaScript requires jQuery
JavaScript error: http://maxcdn.bootstrapcdn.com/bootstrap/3.2.0/js/bootstrap.min.js, line 6: Error: Bootstrap's JavaScript requires jQuery
1598799440288	Marionette	INFO	Stopped listening on port 62815

###!!! [Child][RunMessage] Error: Channel closing: too late to send/recv, messages will be lost


###!!! [Child][MessageChannel::SendAndWait] Error: Channel error: cannot send/recv

1598799464613	geckodriver	INFO	Listening on 127.0.0.1:62862
1598799467625	mozrunner::runner	INFO	Running command: "C:\\Program Files (x86)\\Mozilla Firefox\\firefox.exe" "--marionette" "-foreground" "-no-remote" "-profile" "C:\\Users\\renih\\AppData\\Local\\Temp\\rust_mozprofilegsf1f7"
JavaScript error: resource://gre/modules/XULStore.jsm, line 66: Error: Can't find profile directory.
console.error: SearchCache: "_readCacheFile: Error reading cache file:" (new Error("", "(unknown module)"))
1598799470914	Marionette	INFO	Listening on port 62870
1598799471256	Marionette	WARN	TLS certificate errors will be ignored for this session
JavaScript error: http://maxcdn.bootstrapcdn.com/bootstrap/3.2.0/js/bootstrap.min.js, line 6: Error: Bootstrap's JavaScript requires jQuery
1598799473166	Marionette	INFO	Stopped listening on port 62870

###!!! [Child][RunMessage] Error: Channel closing: too late to send/recv, messages will be lost


###!!! [Child][MessageChannel::SendAndWait] Error: Channel error: cannot send/recv

1598799474213	geckodriver	INFO	Listening on 127.0.0.1:62913
1598799477219	mozrunner::runner	INFO	Running command: "C:\\Program Files (x86)\\Mozilla Firefox\\firefox.exe" "--marionette" "-foreground" "-no-remote" "-profile" "C:\\Users\\renih\\AppData\\Local\\Temp\\rust_mozprofileUiYahe"
JavaScript error: resource://gre/modules/XULStore.jsm, line 66: Error: Can't find profile directory.
console.error: SearchCache: "_readCacheFile: Error reading cache file:" (new Error("", "(unknown module)"))
1598799480371	Marionette	INFO	Listening on port 62922
1598799480842	Marionette	WARN	TLS certificate errors will be ignored for this session
JavaScript error: http://maxcdn.bootstrapcdn.com/bootstrap/3.2.0/js/bootstrap.min.js, line 6: Error: Bootstrap's JavaScript requires jQuery
JavaScript error: http://maxcdn.bootstrapcdn.com/bootstrap/3.2.0/js/bootstrap.min.js, line 6: Error: Bootstrap's JavaScript requires jQuery
JavaScript error: http://maxcdn.bootstrapcdn.com/bootstrap/3.2.0/js/bootstrap.min.js, line 6: Error: Bootstrap's JavaScript requires jQuery
JavaScript error: http://maxcdn.bootstrapcdn.com/bootstrap/3.2.0/js/bootstrap.min.js, line 6: Error: Bootstrap's JavaScript requires jQuery
1598799484985	Marionette	INFO	Stopped listening on port 62922

###!!! [Child][MessageChannel::SendAndWait] Error: Channel error: cannot send/recv

1598799713230	geckodriver	INFO	Listening on 127.0.0.1:63016
1598799716237	mozrunner::runner	INFO	Running command: "C:\\Program Files (x86)\\Mozilla Firefox\\firefox.exe" "--marionette" "-foreground" "-no-remote" "-profile" "C:\\Users\\renih\\AppData\\Local\\Temp\\rust_mozprofilerSpBmC"
JavaScript error: resource://gre/modules/XULStore.jsm, line 66: Error: Can't find profile directory.
console.error: SearchCache: "_readCacheFile: Error reading cache file:" (new Error("", "(unknown module)"))
1598799721317	Marionette	INFO	Listening on port 63024
1598799721674	Marionette	WARN	TLS certificate errors will be ignored for this session
JavaScript error: http://maxcdn.bootstrapcdn.com/bootstrap/3.2.0/js/bootstrap.min.js, line 6: Error: Bootstrap's JavaScript requires jQuery
1598799723805	Marionette	INFO	Stopped listening on port 63024

###!!! [Child][MessageChannel::SendAndWait] Error: Channel error: cannot send/recv

1598799725485	geckodriver	INFO	Listening on 127.0.0.1:63066
1598799728471	mozrunner::runner	INFO	Running command: "C:\\Program Files (x86)\\Mozilla Firefox\\firefox.exe" "--marionette" "-foreground" "-no-remote" "-profile" "C:\\Users\\renih\\AppData\\Local\\Temp\\rust_mozprofilegqBqSr"
JavaScript error: resource://gre/modules/XULStore.jsm, line 66: Error: Can't find profile directory.
console.error: SearchCache: "_readCacheFile: Error reading cache file:" (new Error("", "(unknown module)"))
1598799731774	Marionette	INFO	Listening on port 63075
1598799732116	Marionette	WARN	TLS certificate errors will be ignored for this session
JavaScript error: http://maxcdn.bootstrapcdn.com/bootstrap/3.2.0/js/bootstrap.min.js, line 6: Error: Bootstrap's JavaScript requires jQuery
JavaScript error: http://maxcdn.bootstrapcdn.com/bootstrap/3.2.0/js/bootstrap.min.js, line 6: Error: Bootstrap's JavaScript requires jQuery
JavaScript error: http://maxcdn.bootstrapcdn.com/bootstrap/3.2.0/js/bootstrap.min.js, line 6: Error: Bootstrap's JavaScript requires jQuery
JavaScript error: http://maxcdn.bootstrapcdn.com/bootstrap/3.2.0/js/bootstrap.min.js, line 6: Error: Bootstrap's JavaScript requires jQuery
1598799736050	Marionette	INFO	Stopped listening on port 63075

###!!! [Child][RunMessage] Error: Channel closing: too late to send/recv, messages will be lost


###!!! [Child][MessageChannel::SendAndWait] Error: Channel error: cannot send/recv

1598799942515	geckodriver	INFO	Listening on 127.0.0.1:63161
1598799945521	mozrunner::runner	INFO	Running command: "C:\\Program Files (x86)\\Mozilla Firefox\\firefox.exe" "--marionette" "-foreground" "-no-remote" "-profile" "C:\\Users\\renih\\AppData\\Local\\Temp\\rust_mozprofile389VxU"
JavaScript error: resource://gre/modules/XULStore.jsm, line 66: Error: Can't find profile directory.
console.error: SearchCache: "_readCacheFile: Error reading cache file:" (new Error("", "(unknown module)"))
1598799949582	Marionette	INFO	Listening on port 63169
1598799949657	Marionette	WARN	TLS certificate errors will be ignored for this session
JavaScript error: http://maxcdn.bootstrapcdn.com/bootstrap/3.2.0/js/bootstrap.min.js, line 6: Error: Bootstrap's JavaScript requires jQuery
1598799951746	Marionette	INFO	Stopped listening on port 63169

###!!! [Child][MessageChannel::SendAndWait] Error: Channel error: cannot send/recv

1598799952936	geckodriver	INFO	Listening on 127.0.0.1:63209
1598799955937	mozrunner::runner	INFO	Running command: "C:\\Program Files (x86)\\Mozilla Firefox\\firefox.exe" "--marionette" "-foreground" "-no-remote" "-profile" "C:\\Users\\renih\\AppData\\Local\\Temp\\rust_mozprofileb5x6ma"
JavaScript error: resource://gre/modules/XULStore.jsm, line 66: Error: Can't find profile directory.
console.error: SearchCache: "_readCacheFile: Error reading cache file:" (new Error("", "(unknown module)"))
1598799959257	Marionette	INFO	Listening on port 63217
1598799959563	Marionette	WARN	TLS certificate errors will be ignored for this session
JavaScript error: http://maxcdn.bootstrapcdn.com/bootstrap/3.2.0/js/bootstrap.min.js, line 6: Error: Bootstrap's JavaScript requires jQuery
JavaScript error: http://maxcdn.bootstrapcdn.com/bootstrap/3.2.0/js/bootstrap.min.js, line 6: Error: Bootstrap's JavaScript requires jQuery
JavaScript error: http://maxcdn.bootstrapcdn.com/bootstrap/3.2.0/js/bootstrap.min.js, line 6: Error: Bootstrap's JavaScript requires jQuery
JavaScript error: http://maxcdn.bootstrapcdn.com/bootstrap/3.2.0/js/bootstrap.min.js, line 6: Error: Bootstrap's JavaScript requires jQuery
1598799963858	Marionette	INFO	Stopped listening on port 63217

###!!! [Child][RunMessage] Error: Channel closing: too late to send/recv, messages will be lost


###!!! [Child][MessageChannel::SendAndWait] Error: Channel error: cannot send/recv

1598800082174	geckodriver	INFO	Listening on 127.0.0.1:63305
1598800085175	mozrunner::runner	INFO	Running command: "C:\\Program Files (x86)\\Mozilla Firefox\\firefox.exe" "--marionette" "-foreground" "-no-remote" "-profile" "C:\\Users\\renih\\AppData\\Local\\Temp\\rust_mozprofileZNxaDx"
JavaScript error: resource://gre/modules/XULStore.jsm, line 66: Error: Can't find profile directory.
console.error: SearchCache: "_readCacheFile: Error reading cache file:" (new Error("", "(unknown module)"))
1598800089382	Marionette	INFO	Listening on port 63313
1598800089433	Marionette	WARN	TLS certificate errors will be ignored for this session
JavaScript error: http://maxcdn.bootstrapcdn.com/bootstrap/3.2.0/js/bootstrap.min.js, line 6: Error: Bootstrap's JavaScript requires jQuery
1598800091539	Marionette	INFO	Stopped listening on port 63313

###!!! [Child][MessageChannel::SendAndWait] Error: Channel error: cannot send/recv

1598800092650	geckodriver	INFO	Listening on 127.0.0.1:63359
1598800095649	mozrunner::runner	INFO	Running command: "C:\\Program Files (x86)\\Mozilla Firefox\\firefox.exe" "--marionette" "-foreground" "-no-remote" "-profile" "C:\\Users\\renih\\AppData\\Local\\Temp\\rust_mozprofile13HQVd"
JavaScript error: resource://gre/modules/XULStore.jsm, line 66: Error: Can't find profile directory.
console.error: SearchCache: "_readCacheFile: Error reading cache file:" (new Error("", "(unknown module)"))
1598800099382	Marionette	INFO	Listening on port 63367
1598800099774	Marionette	WARN	TLS certificate errors will be ignored for this session
JavaScript error: http://maxcdn.bootstrapcdn.com/bootstrap/3.2.0/js/bootstrap.min.js, line 6: Error: Bootstrap's JavaScript requires jQuery
JavaScript error: http://maxcdn.bootstrapcdn.com/bootstrap/3.2.0/js/bootstrap.min.js, line 6: Error: Bootstrap's JavaScript requires jQuery
JavaScript error: http://maxcdn.bootstrapcdn.com/bootstrap/3.2.0/js/bootstrap.min.js, line 6: Error: Bootstrap's JavaScript requires jQuery
JavaScript error: http://maxcdn.bootstrapcdn.com/bootstrap/3.2.0/js/bootstrap.min.js, line 6: Error: Bootstrap's JavaScript requires jQuery
1598800104267	Marionette	INFO	Stopped listening on port 63367

###!!! [Child][RunMessage] Error: Channel closing: too late to send/recv, messages will be lost


###!!! [Child][MessageChannel::SendAndWait] Error: Channel error: cannot send/recv

1598800122694	geckodriver	INFO	Listening on 127.0.0.1:63412
1598800125698	mozrunner::runner	INFO	Running command: "C:\\Program Files (x86)\\Mozilla Firefox\\firefox.exe" "--marionette" "-foreground" "-no-remote" "-profile" "C:\\Users\\renih\\AppData\\Local\\Temp\\rust_mozprofileElHiBa"
JavaScript error: resource://gre/modules/XULStore.jsm, line 66: Error: Can't find profile directory.
console.error: SearchCache: "_readCacheFile: Error reading cache file:" (new Error("", "(unknown module)"))
1598800128799	Marionette	INFO	Listening on port 63420
1598800128847	Marionette	WARN	TLS certificate errors will be ignored for this session
JavaScript error: http://maxcdn.bootstrapcdn.com/bootstrap/3.2.0/js/bootstrap.min.js, line 6: Error: Bootstrap's JavaScript requires jQuery
1598800131261	Marionette	INFO	Stopped listening on port 63420

###!!! [Child][RunMessage] Error: Channel closing: too late to send/recv, messages will be lost


###!!! [Child][MessageChannel::SendAndWait] Error: Channel error: cannot send/recv

1598800132690	geckodriver	INFO	Listening on 127.0.0.1:63461
1598800135691	mozrunner::runner	INFO	Running command: "C:\\Program Files (x86)\\Mozilla Firefox\\firefox.exe" "--marionette" "-foreground" "-no-remote" "-profile" "C:\\Users\\renih\\AppData\\Local\\Temp\\rust_mozprofileRErz6d"
JavaScript error: resource://gre/modules/XULStore.jsm, line 66: Error: Can't find profile directory.
console.error: SearchCache: "_readCacheFile: Error reading cache file:" (new Error("", "(unknown module)"))
1598800138842	Marionette	INFO	Listening on port 63469
1598800139314	Marionette	WARN	TLS certificate errors will be ignored for this session
1598800204875	Marionette	INFO	Stopped listening on port 63469

###!!! [Child][MessageChannel::SendAndWait] Error: Channel error: cannot send/recv

1598800532102	geckodriver	INFO	Listening on 127.0.0.1:63720
1598800535124	mozrunner::runner	INFO	Running command: "C:\\Program Files (x86)\\Mozilla Firefox\\firefox.exe" "--marionette" "-foreground" "-no-remote" "-profile" "C:\\Users\\renih\\AppData\\Local\\Temp\\rust_mozprofile1EwF0k"
JavaScript error: resource://gre/modules/XULStore.jsm, line 66: Error: Can't find profile directory.
console.error: SearchCache: "_readCacheFile: Error reading cache file:" (new Error("", "(unknown module)"))
1598800540085	Marionette	INFO	Listening on port 63728
1598800540447	Marionette	WARN	TLS certificate errors will be ignored for this session
JavaScript error: http://maxcdn.bootstrapcdn.com/bootstrap/3.2.0/js/bootstrap.min.js, line 6: Error: Bootstrap's JavaScript requires jQuery
1598800542307	Marionette	INFO	Stopped listening on port 63728

###!!! [Child][MessageChannel::SendAndWait] Error: Channel error: cannot send/recv

1598800543514	geckodriver	INFO	Listening on 127.0.0.1:63771
1598800546505	mozrunner::runner	INFO	Running command: "C:\\Program Files (x86)\\Mozilla Firefox\\firefox.exe" "--marionette" "-foreground" "-no-remote" "-profile" "C:\\Users\\renih\\AppData\\Local\\Temp\\rust_mozprofilebUjA8i"
JavaScript error: resource://gre/modules/XULStore.jsm, line 66: Error: Can't find profile directory.
console.error: SearchCache: "_readCacheFile: Error reading cache file:" (new Error("", "(unknown module)"))
1598800549907	Marionette	INFO	Listening on port 63779
1598800550136	Marionette	WARN	TLS certificate errors will be ignored for this session
JavaScript error: http://maxcdn.bootstrapcdn.com/bootstrap/3.2.0/js/bootstrap.min.js, line 6: Error: Bootstrap's JavaScript requires jQuery
JavaScript error: http://maxcdn.bootstrapcdn.com/bootstrap/3.2.0/js/bootstrap.min.js, line 6: Error: Bootstrap's JavaScript requires jQuery
JavaScript error: http://maxcdn.bootstrapcdn.com/bootstrap/3.2.0/js/bootstrap.min.js, line 6: Error: Bootstrap's JavaScript requires jQuery
JavaScript error: http://maxcdn.bootstrapcdn.com/bootstrap/3.2.0/js/bootstrap.min.js, line 6: Error: Bootstrap's JavaScript requires jQuery
1598800554130	Marionette	INFO	Stopped listening on port 63779

###!!! [Child][RunMessage] Error: Channel closing: too late to send/recv, messages will be lost


###!!! [Child][MessageChannel::SendAndWait] Error: Channel error: cannot send/recv

1598800632660	geckodriver	INFO	Listening on 127.0.0.1:63836
1598800635666	mozrunner::runner	INFO	Running command: "C:\\Program Files (x86)\\Mozilla Firefox\\firefox.exe" "--marionette" "-foreground" "-no-remote" "-profile" "C:\\Users\\renih\\AppData\\Local\\Temp\\rust_mozprofileHJEyz0"
JavaScript error: resource://gre/modules/XULStore.jsm, line 66: Error: Can't find profile directory.
console.error: SearchCache: "_readCacheFile: Error reading cache file:" (new Error("", "(unknown module)"))
1598800639076	Marionette	INFO	Listening on port 63844
1598800639291	Marionette	WARN	TLS certificate errors will be ignored for this session
JavaScript error: http://maxcdn.bootstrapcdn.com/bootstrap/3.2.0/js/bootstrap.min.js, line 6: Error: Bootstrap's JavaScript requires jQuery
1598800641163	Marionette	INFO	Stopped listening on port 63844

###!!! [Child][RunMessage] Error: Channel closing: too late to send/recv, messages will be lost


###!!! [Child][MessageChannel::SendAndWait] Error: Channel error: cannot send/recv

1598800642196	geckodriver	INFO	Listening on 127.0.0.1:63887
1598800645198	mozrunner::runner	INFO	Running command: "C:\\Program Files (x86)\\Mozilla Firefox\\firefox.exe" "--marionette" "-foreground" "-no-remote" "-profile" "C:\\Users\\renih\\AppData\\Local\\Temp\\rust_mozprofileNwDeVB"
JavaScript error: resource://gre/modules/XULStore.jsm, line 66: Error: Can't find profile directory.
console.error: SearchCache: "_readCacheFile: Error reading cache file:" (new Error("", "(unknown module)"))
1598800648594	Marionette	INFO	Listening on port 63895
1598800648822	Marionette	WARN	TLS certificate errors will be ignored for this session
JavaScript error: http://maxcdn.bootstrapcdn.com/bootstrap/3.2.0/js/bootstrap.min.js, line 6: Error: Bootstrap's JavaScript requires jQuery
JavaScript error: http://maxcdn.bootstrapcdn.com/bootstrap/3.2.0/js/bootstrap.min.js, line 6: Error: Bootstrap's JavaScript requires jQuery
JavaScript error: http://maxcdn.bootstrapcdn.com/bootstrap/3.2.0/js/bootstrap.min.js, line 6: Error: Bootstrap's JavaScript requires jQuery
JavaScript error: http://maxcdn.bootstrapcdn.com/bootstrap/3.2.0/js/bootstrap.min.js, line 6: Error: Bootstrap's JavaScript requires jQuery
1598800652730	Marionette	INFO	Stopped listening on port 63895

###!!! [Child][RunMessage] Error: Channel closing: too late to send/recv, messages will be lost


###!!! [Child][MessageChannel::SendAndWait] Error: Channel error: cannot send/recv

1598800733607	geckodriver	INFO	Listening on 127.0.0.1:63964
1598800736612	mozrunner::runner	INFO	Running command: "C:\\Program Files (x86)\\Mozilla Firefox\\firefox.exe" "--marionette" "-foreground" "-no-remote" "-profile" "C:\\Users\\renih\\AppData\\Local\\Temp\\rust_mozprofileJkXZSt"
JavaScript error: resource://gre/modules/XULStore.jsm, line 66: Error: Can't find profile directory.
console.error: SearchCache: "_readCacheFile: Error reading cache file:" (new Error("", "(unknown module)"))
1598800741337	Marionette	INFO	Listening on port 63973
1598800741776	Marionette	WARN	TLS certificate errors will be ignored for this session
JavaScript error: http://maxcdn.bootstrapcdn.com/bootstrap/3.2.0/js/bootstrap.min.js, line 6: Error: Bootstrap's JavaScript requires jQuery
1598800743907	Marionette	INFO	Stopped listening on port 63973

###!!! [Child][RunMessage] Error: Channel closing: too late to send/recv, messages will be lost


###!!! [Child][MessageChannel::SendAndWait] Error: Channel error: cannot send/recv

1598800745046	geckodriver	INFO	Listening on 127.0.0.1:64017
1598800748040	mozrunner::runner	INFO	Running command: "C:\\Program Files (x86)\\Mozilla Firefox\\firefox.exe" "--marionette" "-foreground" "-no-remote" "-profile" "C:\\Users\\renih\\AppData\\Local\\Temp\\rust_mozprofilegHPpZv"
JavaScript error: resource://gre/modules/XULStore.jsm, line 66: Error: Can't find profile directory.
console.error: SearchCache: "_readCacheFile: Error reading cache file:" (new Error("", "(unknown module)"))
1598800751196	Marionette	INFO	Listening on port 64025
1598800751668	Marionette	WARN	TLS certificate errors will be ignored for this session
JavaScript error: http://maxcdn.bootstrapcdn.com/bootstrap/3.2.0/js/bootstrap.min.js, line 6: Error: Bootstrap's JavaScript requires jQuery
JavaScript error: http://maxcdn.bootstrapcdn.com/bootstrap/3.2.0/js/bootstrap.min.js, line 6: Error: Bootstrap's JavaScript requires jQuery
JavaScript error: http://maxcdn.bootstrapcdn.com/bootstrap/3.2.0/js/bootstrap.min.js, line 6: Error: Bootstrap's JavaScript requires jQuery
JavaScript error: http://maxcdn.bootstrapcdn.com/bootstrap/3.2.0/js/bootstrap.min.js, line 6: Error: Bootstrap's JavaScript requires jQuery
1598800755492	Marionette	INFO	Stopped listening on port 64025

###!!! [Child][RunMessage] Error: Channel closing: too late to send/recv, messages will be lost


###!!! [Child][MessageChannel::SendAndWait] Error: Channel error: cannot send/recv

1598801425057	geckodriver	INFO	Listening on 127.0.0.1:64359
1598801428080	mozrunner::runner	INFO	Running command: "C:\\Program Files (x86)\\Mozilla Firefox\\firefox.exe" "--marionette" "-foreground" "-no-remote" "-profile" "C:\\Users\\renih\\AppData\\Local\\Temp\\rust_mozprofile2gcqYH"
JavaScript error: resource://gre/modules/XULStore.jsm, line 66: Error: Can't find profile directory.
console.error: SearchCache: "_readCacheFile: Error reading cache file:" (new Error("", "(unknown module)"))
1598801432965	Marionette	INFO	Listening on port 64367
1598801433339	Marionette	WARN	TLS certificate errors will be ignored for this session
JavaScript error: http://maxcdn.bootstrapcdn.com/bootstrap/3.2.0/js/bootstrap.min.js, line 6: Error: Bootstrap's JavaScript requires jQuery
1598801435263	Marionette	INFO	Stopped listening on port 64367

###!!! [Child][MessageChannel::SendAndWait] Error: Channel error: cannot send/recv

1598801436604	geckodriver	INFO	Listening on 127.0.0.1:64410
1598801439604	mozrunner::runner	INFO	Running command: "C:\\Program Files (x86)\\Mozilla Firefox\\firefox.exe" "--marionette" "-foreground" "-no-remote" "-profile" "C:\\Users\\renih\\AppData\\Local\\Temp\\rust_mozprofileg0TzWN"
JavaScript error: resource://gre/modules/XULStore.jsm, line 66: Error: Can't find profile directory.
console.error: SearchCache: "_readCacheFile: Error reading cache file:" (new Error("", "(unknown module)"))
1598801442788	Marionette	INFO	Listening on port 64418
1598801443246	Marionette	WARN	TLS certificate errors will be ignored for this session
1598801539157	Marionette	INFO	Stopped listening on port 64418

###!!! [Child][RunMessage] Error: Channel closing: too late to send/recv, messages will be lost


###!!! [Child][MessageChannel::SendAndWait] Error: Channel error: cannot send/recv

1598801607202	geckodriver	INFO	Listening on 127.0.0.1:64469
1598801610213	mozrunner::runner	INFO	Running command: "C:\\Program Files (x86)\\Mozilla Firefox\\firefox.exe" "--marionette" "-foreground" "-no-remote" "-profile" "C:\\Users\\renih\\AppData\\Local\\Temp\\rust_mozprofileJSgqQl"
JavaScript error: resource://gre/modules/XULStore.jsm, line 66: Error: Can't find profile directory.
console.error: SearchCache: "_readCacheFile: Error reading cache file:" (new Error("", "(unknown module)"))
1598801613539	Marionette	INFO	Listening on port 64477
1598801613882	Marionette	WARN	TLS certificate errors will be ignored for this session
1598801634569	Marionette	INFO	Stopped listening on port 64477

###!!! [Child][RunMessage] Error: Channel closing: too late to send/recv, messages will be lost


###!!! [Child][MessageChannel::SendAndWait] Error: Channel error: cannot send/recv

ocal\\Temp\\rust_mozprofile3dSk5U"
JavaScript error: resource://gre/modules/XULStore.jsm, line 66: Error: Can't find profile directory.
console.error: SearchCache: "_readCacheFile: Error reading cache file:" (new Error("", "(unknown module)"))
1598801621191	Marionette	INFO	Listening on port 64516
1598801621210	Marionette	WARN	TLS certificate errors will be ignored for this session
JavaScript error: http://maxcdn.bootstrapcdn.com/bootstrap/3.2.0/js/bootstrap.min.js, line 6: Error: Bootstrap's JavaScript requires jQuery
JavaScript error: http://maxcdn.bootstrapcdn.com/bootstrap/3.2.0/js/bootstrap.min.js, line 6: Error: Bootstrap's JavaScript requires jQuery
JavaScript error: http://maxcdn.bootstrapcdn.com/bootstrap/3.2.0/js/bootstrap.min.js, line 6: Error: Bootstrap's JavaScript requires jQuery
JavaScript error: http://maxcdn.bootstrapcdn.com/bootstrap/3.2.0/js/bootstrap.min.js, line 6: Error: Bootstrap's JavaScript requires jQuery
1598801625223	Marionette	INFO	Stopped listening on port 64516

###!!! [Child][MessageChannel::SendAndWait] Error: Channel error: cannot send/recv

1598801705603	geckodriver	INFO	Listening on 127.0.0.1:64558
1598801708610	mozrunner::runner	INFO	Running command: "C:\\Program Files (x86)\\Mozilla Firefox\\firefox.exe" "--marionette" "-foreground" "-no-remote" "-profile" "C:\\Users\\renih\\AppData\\Local\\Temp\\rust_mozprofile2jHpOw"
JavaScript error: resource://gre/modules/XULStore.jsm, line 66: Error: Can't find profile directory.
console.error: SearchCache: "_readCacheFile: Error reading cache file:" (new Error("", "(unknown module)"))
1598801711770	Marionette	INFO	Listening on port 64566
1598801712230	Marionette	WARN	TLS certificate errors will be ignored for this session
1598801721575	Marionette	INFO	Stopped listening on port 64566

###!!! [Child][RunMessage] Error: Channel closing: too late to send/recv, messages will be lost


###!!! [Child][MessageChannel::SendAndWait] Error: Channel error: cannot send/recv

ocal\\Temp\\rust_mozprofileo4RZR2"
JavaScript error: resource://gre/modules/XULStore.jsm, line 66: Error: Can't find profile directory.
console.error: SearchCache: "_readCacheFile: Error reading cache file:" (new Error("", "(unknown module)"))
1598801719399	Marionette	INFO	Listening on port 64608
1598801719732	Marionette	WARN	TLS certificate errors will be ignored for this session
1598801720690	Marionette	INFO	Stopped listening on port 64608

###!!! [Child][RunMessage] Error: Channel closing: too late to send/recv, messages will be lost


###!!! [Child][MessageChannel::SendAndWait] Error: Channel error: cannot send/recv

1598801727080	geckodriver	INFO	Listening on 127.0.0.1:64639
1598801730096	mozrunner::runner	INFO	Running command: "C:\\Program Files (x86)\\Mozilla Firefox\\firefox.exe" "--marionette" "-foreground" "-no-remote" "-profile" "C:\\Users\\renih\\AppData\\Local\\Temp\\rust_mozprofileoDItj5"
JavaScript error: resource://gre/modules/XULStore.jsm, line 66: Error: Can't find profile directory.
console.error: SearchCache: "_readCacheFile: Error reading cache file:" (new Error("", "(unknown module)"))
1598801733465	Marionette	INFO	Listening on port 64647
1598801733718	Marionette	WARN	TLS certificate errors will be ignored for this session
1598801754288	Marionette	INFO	Stopped listening on port 64647

###!!! [Child][RunMessage] Error: Channel closing: too late to send/recv, messages will be lost


###!!! [Child][MessageChannel::SendAndWait] Error: Channel error: cannot send/recv

ocal\\Temp\\rust_mozprofileZtz5JU"
JavaScript error: resource://gre/modules/XULStore.jsm, line 66: Error: Can't find profile directory.
console.error: SearchCache: "_readCacheFile: Error reading cache file:" (new Error("", "(unknown module)"))
1598801742536	Marionette	INFO	Listening on port 64688
1598801742991	Marionette	WARN	TLS certificate errors will be ignored for this session
JavaScript error: http://maxcdn.bootstrapcdn.com/bootstrap/3.2.0/js/bootstrap.min.js, line 6: Error: Bootstrap's JavaScript requires jQuery
JavaScript error: http://maxcdn.bootstrapcdn.com/bootstrap/3.2.0/js/bootstrap.min.js, line 6: Error: Bootstrap's JavaScript requires jQuery
JavaScript error: http://maxcdn.bootstrapcdn.com/bootstrap/3.2.0/js/bootstrap.min.js, line 6: Error: Bootstrap's JavaScript requires jQuery
JavaScript error: http://maxcdn.bootstrapcdn.com/bootstrap/3.2.0/js/bootstrap.min.js, line 6: Error: Bootstrap's JavaScript requires jQuery
1598801748019	Marionette	INFO	Stopped listening on port 64688

###!!! [Child][RunMessage] Error: Channel closing: too late to send/recv, messages will be lost


###!!! [Child][MessageChannel::SendAndWait] Error: Channel error: cannot send/recv

1598802335129	geckodriver	INFO	Listening on 127.0.0.1:64958
1598802338147	mozrunner::runner	INFO	Running command: "C:\\Program Files (x86)\\Mozilla Firefox\\firefox.exe" "--marionette" "-foreground" "-no-remote" "-profile" "C:\\Users\\renih\\AppData\\Local\\Temp\\rust_mozprofileS0r5AJ"
JavaScript error: resource://gre/modules/XULStore.jsm, line 66: Error: Can't find profile directory.
console.error: SearchCache: "_readCacheFile: Error reading cache file:" (new Error("", "(unknown module)"))
1598802342790	Marionette	INFO	Listening on port 64966
1598802342887	Marionette	WARN	TLS certificate errors will be ignored for this session

###!!! [Child][RunMessage] Error: Channel closing: too late to send/recv, messages will be lost

1598802461087	Marionette	INFO	Stopped listening on port 64966

###!!! [Child][MessageChannel::SendAndWait] Error: Channel error: cannot send/recv

ocal\\Temp\\rust_mozprofileKUGEQh"
JavaScript error: resource://gre/modules/XULStore.jsm, line 66: Error: Can't find profile directory.
console.error: SearchCache: "_readCacheFile: Error reading cache file:" (new Error("", "(unknown module)"))
1598802349901	Marionette	INFO	Listening on port 65006
1598802350384	Marionette	WARN	TLS certificate errors will be ignored for this session
JavaScript error: http://maxcdn.bootstrapcdn.com/bootstrap/3.2.0/js/bootstrap.min.js, line 6: Error: Bootstrap's JavaScript requires jQuery
JavaScript error: http://maxcdn.bootstrapcdn.com/bootstrap/3.2.0/js/bootstrap.min.js, line 6: Error: Bootstrap's JavaScript requires jQuery
JavaScript error: http://maxcdn.bootstrapcdn.com/bootstrap/3.2.0/js/bootstrap.min.js, line 6: Error: Bootstrap's JavaScript requires jQuery
JavaScript error: http://maxcdn.bootstrapcdn.com/bootstrap/3.2.0/js/bootstrap.min.js, line 6: Error: Bootstrap's JavaScript requires jQuery
1598802354906	Marionette	INFO	Stopped listening on port 65006

###!!! [Child][RunMessage] Error: Channel closing: too late to send/recv, messages will be lost


###!!! [Child][MessageChannel::SendAndWait] Error: Channel error: cannot send/recv

1598802464714	geckodriver	INFO	Listening on 127.0.0.1:65061
1598802467725	mozrunner::runner	INFO	Running command: "C:\\Program Files (x86)\\Mozilla Firefox\\firefox.exe" "--marionette" "-foreground" "-no-remote" "-profile" "C:\\Users\\renih\\AppData\\Local\\Temp\\rust_mozprofile0xn3Av"
JavaScript error: resource://gre/modules/XULStore.jsm, line 66: Error: Can't find profile directory.
console.error: SearchCache: "_readCacheFile: Error reading cache file:" (new Error("", "(unknown module)"))
1598802471182	Marionette	INFO	Listening on port 65069
1598802471351	Marionette	WARN	TLS certificate errors will be ignored for this session
1598802476099	Marionette	INFO	Stopped listening on port 65069

###!!! [Child][RunMessage] Error: Channel closing: too late to send/recv, messages will be lost


###!!! [Child][MessageChannel::SendAndWait] Error: Channel error: cannot send/recv

ocal\\Temp\\rust_mozprofileHYvDq3"
JavaScript error: resource://gre/modules/XULStore.jsm, line 66: Error: Can't find profile directory.
console.error: SearchCache: "_readCacheFile: Error reading cache file:" (new Error("", "(unknown module)"))
1598802479191	Marionette	INFO	Listening on port 65106
1598802479358	Marionette	WARN	TLS certificate errors will be ignored for this session
JavaScript error: http://maxcdn.bootstrapcdn.com/bootstrap/3.2.0/js/bootstrap.min.js, line 6: Error: Bootstrap's JavaScript requires jQuery
JavaScript error: http://maxcdn.bootstrapcdn.com/bootstrap/3.2.0/js/bootstrap.min.js, line 6: Error: Bootstrap's JavaScript requires jQuery
JavaScript error: http://maxcdn.bootstrapcdn.com/bootstrap/3.2.0/js/bootstrap.min.js, line 6: Error: Bootstrap's JavaScript requires jQuery
JavaScript error: http://maxcdn.bootstrapcdn.com/bootstrap/3.2.0/js/bootstrap.min.js, line 6: Error: Bootstrap's JavaScript requires jQuery

###!!! [Child][RunMessage] Error: Channel closing: too late to send/recv, messages will be lost

1598802483553	Marionette	INFO	Stopped listening on port 65106

###!!! [Child][RunMessage] Error: Channel closing: too late to send/recv, messages will be lost


###!!! [Child][MessageChannel::SendAndWait] Error: Channel error: cannot send/recv

